<?xml version="1.0" encoding="UTF-8"?>
<!-- Generated by org.testng.reporters.JUnitReportReporter -->
<testsuite hostname="LM-SJN-00870460" name="org.open.utils.db.JdbcSqlDataProviderTest" tests="1" failures="0" timestamp="6 Oct 2013 05:42:00 GMT" time="0.252" errors="0">
  <testcase name="testExecuteSelectingQuery" time="0.252" classname="org.open.utils.db.JdbcSqlDataProviderTest"/>
</testsuite> <!-- org.open.utils.db.JdbcSqlDataProviderTest -->
